<?xml version="1.0" encoding="UTF-8"?>
<!-- Generated by org.testng.reporters.JUnitReportReporter -->
<testsuite name="javapractice.applenew2" tests="1" time="13.680" ignored="0" failures="0" timestamp="28 Dec 2016 01:25:42 GMT" skipped="0" hostname="Maninders-MacBook-Pro.local" errors="0">
  <testcase name="f" time="13.680" classname="javapractice.applenew2"/>
</testsuite> <!-- javapractice.applenew2 -->
