<?xml version="1.0" encoding="UTF-8"?>
<!-- Generated by org.testng.reporters.JUnitReportReporter -->
<testsuite name="javapractice.expedia2" tests="1" time="11.839" ignored="0" failures="0" timestamp="28 Dec 2016 01:25:42 GMT" skipped="0" hostname="Maninders-MacBook-Pro.local" errors="0">
  <testcase name="f" time="11.839" classname="javapractice.expedia2"/>
</testsuite> <!-- javapractice.expedia2 -->
