<?xml version="1.0" encoding="UTF-8"?>
<!-- Generated by org.testng.reporters.JUnitReportReporter -->
<testsuite name="selpractice.expedia2235" tests="1" time="11.708" ignored="0" failures="0" timestamp="28 Dec 2016 01:25:42 GMT" skipped="0" hostname="Maninders-MacBook-Pro.local" errors="0">
  <testcase name="f" time="11.708" classname="selpractice.expedia2235"/>
</testsuite> <!-- selpractice.expedia2235 -->
